        -:    0:Source:C:/Users/varga/Downloads/SortedList/ListIterator.cpp
        -:    0:Graph:C:\Users\varga\Downloads\SortedList\cmake-build-debug-coverage\CMakeFiles\SortedList.dir\ListIterator.cpp.gcno
        -:    0:Data:C:\Users\varga\Downloads\SortedList\cmake-build-debug-coverage\CMakeFiles\SortedList.dir\ListIterator.cpp.gcda
        -:    0:Runs:1
        -:    1:#include "ListIterator.h"
        -:    2:#include "SortedIteratedList.h"
        -:    3:#include <exception>
        -:    4:
        -:    5:using namespace std;
        -:    6:
function _ZN12ListIteratorC2ERK18SortedIteratedList called 8 returned 100% blocks executed 100%
        8:    7:ListIterator::ListIterator(const SortedIteratedList& list) : list(list)
        -:    8:{
        -:    9:
        8:   10:    this->ptr= nullptr;
        8:   11:}
        -:   12:
function _ZN12ListIterator5firstEv called 23468 returned 100% blocks executed 100%
    23468:   13:void ListIterator::first(){
    23468:   14:    this->ptr=list._first;
    23468:   15:}
        -:   16:
function _ZN12ListIterator4nextEv called 11993022 returned 100% blocks executed 100%
 11993022:   17:void ListIterator::next(){
 11993022:   18:    if(this->ptr== nullptr)
 11993022:   18-block  0
branch  0 taken 10 (fallthrough)
branch  1 taken 11993012
       10:   19:        throw exception();
       10:   19-block  0
call    0 returned 10
call    1 returned 10
call    2 returned 0
 11993012:   20:    this->ptr= this->ptr->next;
 11993012:   21:}
        -:   22:
function _ZNK12ListIterator5validEv called 9685659 returned 100% blocks executed 100%
  9685659:   23:bool ListIterator::valid() const{
  9685659:   24:	return this->ptr!=nullptr;
  9685659:   24-block  0
        -:   25:}
        -:   26:
function _ZNK12ListIterator10getCurrentEv called 14016 returned 100% blocks executed 100%
    14016:   27:TComp ListIterator::getCurrent() const{
    14016:   28:	return this->ptr->val;
    14016:   28-block  0
        -:   29:}
        -:   30:
function _ZN12ListIterator12jumpBackwardEi called 4 returned 50% blocks executed 100%
        4:   31:void ListIterator::jumpBackward(int k) {
        4:   32:    if(k<=0)
        4:   32-block  0
branch  0 taken 1 (fallthrough)
branch  1 taken 3
        1:   33:        throw exception();
        1:   33-block  0
call    0 returned 1
call    1 returned 1
call    2 returned 0
        3:   34:    Node *ans=list._first;
        3:   35:    Node *current=list._first;
       11:   36:    for(int i=0;i<k;i++)
        3:   36-block  0
       11:   36-block  1
branch  0 taken 9
branch  1 taken 2 (fallthrough)
        -:   37:    {
        9:   38:        if(current==this->ptr)
        9:   38-block  0
branch  0 taken 1 (fallthrough)
branch  1 taken 8
        -:   39:        {
        1:   40:            this->ptr= nullptr;
        1:   41:            throw exception();
        1:   41-block  0
call    0 returned 1
call    1 returned 1
call    2 returned 0
        -:   42:        }
        8:   43:        current=current->next;
        8:   43-block  0
        -:   44:    }
        4:   45:    while(this->ptr!=current)
        2:   45-block  0
        4:   45-block  1
branch  0 taken 2
branch  1 taken 2 (fallthrough)
        -:   46:    {
        2:   47:        current=current->next;
        2:   48:        ans=ans->next;
        2:   48-block  0
        -:   49:    }
        2:   50:    this->ptr=ans;
        2:   51:}
        -:   52:
        -:   53:
